The system is: Windows - 10.0.19043 - AMD64
Compiling the C compiler identification source file "CMakeCCompilerId.c" succeeded.
Compiler: C:/Program Files (x86)/Microsoft Visual Studio/2019/Community/VC/Tools/MSVC/14.29.30133/bin/Hostx86/x86/cl.exe 
Build flags: 
Id flags:  

The output was:
0
x86용 Microsoft (R) C/C++ 최적화 컴파일러 버전 19.29.30133
Copyright (c) Microsoft Corporation. All rights reserved.

CMakeCCompilerId.c
Microsoft (R) Incremental Linker Version 14.29.30133.0
Copyright (C) Microsoft Corporation.  All rights reserved.

/out:CMakeCCompilerId.exe 
CMakeCCompilerId.obj 


Compilation of the C compiler identification source "CMakeCCompilerId.c" produced "CMakeCCompilerId.exe"

Compilation of the C compiler identification source "CMakeCCompilerId.c" produced "CMakeCCompilerId.obj"

The C compiler identification is MSVC, found in "C:/Users/tjgml/clion/Mario_backtracking/cmake-build-debug/CMakeFiles/3.20.2/CompilerIdC/CMakeCCompilerId.exe"

Compiling the CXX compiler identification source file "CMakeCXXCompilerId.cpp" succeeded.
Compiler: C:/Program Files (x86)/Microsoft Visual Studio/2019/Community/VC/Tools/MSVC/14.29.30133/bin/Hostx86/x86/cl.exe 
Build flags: 
Id flags:  

The output was:
0
x86용 Microsoft (R) C/C++ 최적화 컴파일러 버전 19.29.30133
Copyright (c) Microsoft Corporation. All rights reserved.

CMakeCXXCompilerId.cpp
Microsoft (R) Incremental Linker Version 14.29.30133.0
Copyright (C) Microsoft Corporation.  All rights reserved.

/out:CMakeCXXCompilerId.exe 
CMakeCXXCompilerId.obj 


Compilation of the CXX compiler identification source "CMakeCXXCompilerId.cpp" produced "CMakeCXXCompilerId.exe"

Compilation of the CXX compiler identification source "CMakeCXXCompilerId.cpp" produced "CMakeCXXCompilerId.obj"

The CXX compiler identification is MSVC, found in "C:/Users/tjgml/clion/Mario_backtracking/cmake-build-debug/CMakeFiles/3.20.2/CompilerIdCXX/CMakeCXXCompilerId.exe"

Detecting C compiler ABI info compiled with the following output:
Change Dir: C:/Users/tjgml/clion/Mario_backtracking/cmake-build-debug/CMakeFiles/CMakeTmp

Run Build Command(s):nmake -f Makefile /nologo cmTC_c906e\fast && 	"C:\Program Files (x86)\Microsoft Visual Studio\2019\Community\VC\Tools\MSVC\14.29.30133\bin\HostX86\x86\nmake.exe"  -f CMakeFiles\cmTC_c906e.dir\build.make /nologo -L                  CMakeFiles\cmTC_c906e.dir\build
Building C object CMakeFiles/cmTC_c906e.dir/CMakeCCompilerABI.c.obj
	C:\Users\tjgml\AppData\Local\JetBrains\Toolbox\apps\CLion\ch-0\212.5712.21\bin\cmake\win\bin\cmake.exe -E cmake_cl_compile_depends --dep-file=CMakeFiles\cmTC_c906e.dir\CMakeCCompilerABI.c.obj.d --working-dir=C:\Users\tjgml\clion\Mario_backtracking\cmake-build-debug\CMakeFiles\CMakeTmp --filter-prefix="" -- C:\PROGRA~2\MICROS~2\2019\COMMUN~1\VC\Tools\MSVC\1429~1.301\bin\Hostx86\x86\cl.exe @C:\Users\tjgml\AppData\Local\Temp\nmEBE3.tmp
Linking C executable cmTC_c906e.exe
	C:\Users\tjgml\AppData\Local\JetBrains\Toolbox\apps\CLion\ch-0\212.5712.21\bin\cmake\win\bin\cmake.exe -E vs_link_exe --intdir=CMakeFiles\cmTC_c906e.dir --rc=C:\PROGRA~2\WI3CF2~1\10\bin\100190~1.0\x86\rc.exe --mt=C:\PROGRA~2\WI3CF2~1\10\bin\100190~1.0\x86\mt.exe --manifests -- C:\PROGRA~2\MICROS~2\2019\COMMUN~1\VC\Tools\MSVC\1429~1.301\bin\Hostx86\x86\link.exe /nologo @CMakeFiles\cmTC_c906e.dir\objects1.rsp @C:\Users\tjgml\AppData\Local\Temp\nmED99.tmp



Detecting CXX compiler ABI info compiled with the following output:
Change Dir: C:/Users/tjgml/clion/Mario_backtracking/cmake-build-debug/CMakeFiles/CMakeTmp

Run Build Command(s):nmake -f Makefile /nologo cmTC_9c601\fast && 	"C:\Program Files (x86)\Microsoft Visual Studio\2019\Community\VC\Tools\MSVC\14.29.30133\bin\HostX86\x86\nmake.exe"  -f CMakeFiles\cmTC_9c601.dir\build.make /nologo -L                  CMakeFiles\cmTC_9c601.dir\build
Building CXX object CMakeFiles/cmTC_9c601.dir/CMakeCXXCompilerABI.cpp.obj
	C:\Users\tjgml\AppData\Local\JetBrains\Toolbox\apps\CLion\ch-0\212.5712.21\bin\cmake\win\bin\cmake.exe -E cmake_cl_compile_depends --dep-file=CMakeFiles\cmTC_9c601.dir\CMakeCXXCompilerABI.cpp.obj.d --working-dir=C:\Users\tjgml\clion\Mario_backtracking\cmake-build-debug\CMakeFiles\CMakeTmp --filter-prefix="" -- C:\PROGRA~2\MICROS~2\2019\COMMUN~1\VC\Tools\MSVC\1429~1.301\bin\Hostx86\x86\cl.exe @C:\Users\tjgml\AppData\Local\Temp\nmF038.tmp
Linking CXX executable cmTC_9c601.exe
	C:\Users\tjgml\AppData\Local\JetBrains\Toolbox\apps\CLion\ch-0\212.5712.21\bin\cmake\win\bin\cmake.exe -E vs_link_exe --intdir=CMakeFiles\cmTC_9c601.dir --rc=C:\PROGRA~2\WI3CF2~1\10\bin\100190~1.0\x86\rc.exe --mt=C:\PROGRA~2\WI3CF2~1\10\bin\100190~1.0\x86\mt.exe --manifests -- C:\PROGRA~2\MICROS~2\2019\COMMUN~1\VC\Tools\MSVC\1429~1.301\bin\Hostx86\x86\link.exe /nologo @CMakeFiles\cmTC_9c601.dir\objects1.rsp @C:\Users\tjgml\AppData\Local\Temp\nmF0B6.tmp



The system is: Windows - 10.0.22000 - AMD64
Compiling the C compiler identification source file "CMakeCCompilerId.c" succeeded.
Compiler: C:/Program Files (x86)/Microsoft Visual Studio/2019/Community/VC/Tools/MSVC/14.29.30133/bin/Hostx86/x86/cl.exe 
Build flags: /DWIN32;/D_WINDOWS
Id flags:  

The output was:
0
x86용 Microsoft (R) C/C++ 최적화 컴파일러 버전 19.29.30133
Copyright (c) Microsoft Corporation. All rights reserved.

CMakeCCompilerId.c
Microsoft (R) Incremental Linker Version 14.29.30133.0
Copyright (C) Microsoft Corporation.  All rights reserved.

/out:CMakeCCompilerId.exe 
CMakeCCompilerId.obj 


Compilation of the C compiler identification source "CMakeCCompilerId.c" produced "CMakeCCompilerId.exe"

Compilation of the C compiler identification source "CMakeCCompilerId.c" produced "CMakeCCompilerId.obj"

The C compiler identification is MSVC, found in "C:/Users/tjgml/clion/Mario_backtracking/cmake-build-debug/CMakeFiles/3.21.1/CompilerIdC/CMakeCCompilerId.exe"

Compiling the CXX compiler identification source file "CMakeCXXCompilerId.cpp" succeeded.
Compiler: C:/Program Files (x86)/Microsoft Visual Studio/2019/Community/VC/Tools/MSVC/14.29.30133/bin/Hostx86/x86/cl.exe 
Build flags: /DWIN32;/D_WINDOWS;/EHsc
Id flags:  

The output was:
0
x86용 Microsoft (R) C/C++ 최적화 컴파일러 버전 19.29.30133
Copyright (c) Microsoft Corporation. All rights reserved.

CMakeCXXCompilerId.cpp
Microsoft (R) Incremental Linker Version 14.29.30133.0
Copyright (C) Microsoft Corporation.  All rights reserved.

/out:CMakeCXXCompilerId.exe 
CMakeCXXCompilerId.obj 


Compilation of the CXX compiler identification source "CMakeCXXCompilerId.cpp" produced "CMakeCXXCompilerId.exe"

Compilation of the CXX compiler identification source "CMakeCXXCompilerId.cpp" produced "CMakeCXXCompilerId.obj"

The CXX compiler identification is MSVC, found in "C:/Users/tjgml/clion/Mario_backtracking/cmake-build-debug/CMakeFiles/3.21.1/CompilerIdCXX/CMakeCXXCompilerId.exe"

Detecting C compiler ABI info compiled with the following output:
Change Dir: C:/Users/tjgml/clion/Mario_backtracking/cmake-build-debug/CMakeFiles/CMakeTmp

Run Build Command(s):nmake -f Makefile /nologo cmTC_4defe\fast && 	"C:\Program Files (x86)\Microsoft Visual Studio\2019\Community\VC\Tools\MSVC\14.29.30133\bin\HostX86\x86\nmake.exe"  -f CMakeFiles\cmTC_4defe.dir\build.make /nologo -L                  CMakeFiles\cmTC_4defe.dir\build
Building C object CMakeFiles/cmTC_4defe.dir/CMakeCCompilerABI.c.obj
	C:\Users\tjgml\AppData\Local\JetBrains\Toolbox\apps\CLion\ch-0\213.6777.58\bin\cmake\win\bin\cmake.exe -E cmake_cl_compile_depends --dep-file=CMakeFiles\cmTC_4defe.dir\CMakeCCompilerABI.c.obj.d --working-dir=C:\Users\tjgml\clion\Mario_backtracking\cmake-build-debug\CMakeFiles\CMakeTmp --filter-prefix="" -- C:\PROGRA~2\MICROS~2\2019\COMMUN~1\VC\Tools\MSVC\1429~1.301\bin\Hostx86\x86\cl.exe @C:\Users\tjgml\AppData\Local\Temp\nm3EB8.tmp
Linking C executable cmTC_4defe.exe
	C:\Users\tjgml\AppData\Local\JetBrains\Toolbox\apps\CLion\ch-0\213.6777.58\bin\cmake\win\bin\cmake.exe -E vs_link_exe --intdir=CMakeFiles\cmTC_4defe.dir --rc=C:\PROGRA~2\WI3CF2~1\10\bin\100190~1.0\x86\rc.exe --mt=C:\PROGRA~2\WI3CF2~1\10\bin\100190~1.0\x86\mt.exe --manifests -- C:\PROGRA~2\MICROS~2\2019\COMMUN~1\VC\Tools\MSVC\1429~1.301\bin\Hostx86\x86\link.exe /nologo @CMakeFiles\cmTC_4defe.dir\objects1.rsp @C:\Users\tjgml\AppData\Local\Temp\nm3F17.tmp



Detecting CXX compiler ABI info compiled with the following output:
Change Dir: C:/Users/tjgml/clion/Mario_backtracking/cmake-build-debug/CMakeFiles/CMakeTmp

Run Build Command(s):nmake -f Makefile /nologo cmTC_d8cad\fast && 	"C:\Program Files (x86)\Microsoft Visual Studio\2019\Community\VC\Tools\MSVC\14.29.30133\bin\HostX86\x86\nmake.exe"  -f CMakeFiles\cmTC_d8cad.dir\build.make /nologo -L                  CMakeFiles\cmTC_d8cad.dir\build
Building CXX object CMakeFiles/cmTC_d8cad.dir/CMakeCXXCompilerABI.cpp.obj
	C:\Users\tjgml\AppData\Local\JetBrains\Toolbox\apps\CLion\ch-0\213.6777.58\bin\cmake\win\bin\cmake.exe -E cmake_cl_compile_depends --dep-file=CMakeFiles\cmTC_d8cad.dir\CMakeCXXCompilerABI.cpp.obj.d --working-dir=C:\Users\tjgml\clion\Mario_backtracking\cmake-build-debug\CMakeFiles\CMakeTmp --filter-prefix="" -- C:\PROGRA~2\MICROS~2\2019\COMMUN~1\VC\Tools\MSVC\1429~1.301\bin\Hostx86\x86\cl.exe @C:\Users\tjgml\AppData\Local\Temp\nm40AC.tmp
Linking CXX executable cmTC_d8cad.exe
	C:\Users\tjgml\AppData\Local\JetBrains\Toolbox\apps\CLion\ch-0\213.6777.58\bin\cmake\win\bin\cmake.exe -E vs_link_exe --intdir=CMakeFiles\cmTC_d8cad.dir --rc=C:\PROGRA~2\WI3CF2~1\10\bin\100190~1.0\x86\rc.exe --mt=C:\PROGRA~2\WI3CF2~1\10\bin\100190~1.0\x86\mt.exe --manifests -- C:\PROGRA~2\MICROS~2\2019\COMMUN~1\VC\Tools\MSVC\1429~1.301\bin\Hostx86\x86\link.exe /nologo @CMakeFiles\cmTC_d8cad.dir\objects1.rsp @C:\Users\tjgml\AppData\Local\Temp\nm410B.tmp



