The system is: Windows - 10.0.22000 - AMD64
Compiling the C compiler identification source file "CMakeCCompilerId.c" succeeded.
Compiler: C:/Program Files (x86)/Microsoft Visual Studio/2019/Community/VC/Tools/MSVC/14.29.30133/bin/Hostx86/x86/cl.exe 
Build flags: 
Id flags:  

The output was:
0
x86용 Microsoft (R) C/C++ 최적화 컴파일러 버전 19.29.30133
Copyright (c) Microsoft Corporation. All rights reserved.

CMakeCCompilerId.c
Microsoft (R) Incremental Linker Version 14.29.30133.0
Copyright (C) Microsoft Corporation.  All rights reserved.

/out:CMakeCCompilerId.exe 
CMakeCCompilerId.obj 


Compilation of the C compiler identification source "CMakeCCompilerId.c" produced "CMakeCCompilerId.exe"

Compilation of the C compiler identification source "CMakeCCompilerId.c" produced "CMakeCCompilerId.obj"

The C compiler identification is MSVC, found in "C:/Users/tjgml/clion/Mario_start/cmake-build-debug/CMakeFiles/3.21.1/CompilerIdC/CMakeCCompilerId.exe"

Compiling the CXX compiler identification source file "CMakeCXXCompilerId.cpp" succeeded.
Compiler: C:/Program Files (x86)/Microsoft Visual Studio/2019/Community/VC/Tools/MSVC/14.29.30133/bin/Hostx86/x86/cl.exe 
Build flags: 
Id flags:  

The output was:
0
x86용 Microsoft (R) C/C++ 최적화 컴파일러 버전 19.29.30133
Copyright (c) Microsoft Corporation. All rights reserved.

CMakeCXXCompilerId.cpp
Microsoft (R) Incremental Linker Version 14.29.30133.0
Copyright (C) Microsoft Corporation.  All rights reserved.

/out:CMakeCXXCompilerId.exe 
CMakeCXXCompilerId.obj 


Compilation of the CXX compiler identification source "CMakeCXXCompilerId.cpp" produced "CMakeCXXCompilerId.exe"

Compilation of the CXX compiler identification source "CMakeCXXCompilerId.cpp" produced "CMakeCXXCompilerId.obj"

The CXX compiler identification is MSVC, found in "C:/Users/tjgml/clion/Mario_start/cmake-build-debug/CMakeFiles/3.21.1/CompilerIdCXX/CMakeCXXCompilerId.exe"

Detecting C compiler ABI info compiled with the following output:
Change Dir: C:/Users/tjgml/clion/Mario_start/cmake-build-debug/CMakeFiles/CMakeTmp

Run Build Command(s):C:/Users/tjgml/AppData/Local/JetBrains/Toolbox/apps/CLion/ch-0/213.7172.20/bin/ninja/win/ninja.exe cmTC_278ef && [1/2] Building C object CMakeFiles\cmTC_278ef.dir\CMakeCCompilerABI.c.obj
[2/2] Linking C executable cmTC_278ef.exe



Detecting CXX compiler ABI info compiled with the following output:
Change Dir: C:/Users/tjgml/clion/Mario_start/cmake-build-debug/CMakeFiles/CMakeTmp

Run Build Command(s):C:/Users/tjgml/AppData/Local/JetBrains/Toolbox/apps/CLion/ch-0/213.7172.20/bin/ninja/win/ninja.exe cmTC_a7d80 && [1/2] Building CXX object CMakeFiles\cmTC_a7d80.dir\CMakeCXXCompilerABI.cpp.obj
[2/2] Linking CXX executable cmTC_a7d80.exe



